11:18:22.151 [main] INFO  finalCall.onboardingFinalCalls - driver initialized
11:18:31.360 [main] INFO  Academy.DashboardPage - certification byPassed
11:18:31.553 [main] INFO  Academy.DashboardPage - username sent
11:18:31.695 [main] INFO  Academy.DashboardPage - password sent
11:18:34.098 [main] INFO  finalCall.onboardingFinalCalls - login successfull
11:18:35.900 [main] INFO  Academy.DashboardPage - DocumentType selected
11:18:47.655 [main] INFO  finalCall.onboardingFinalCalls - login successfull
11:19:32.618 [main] INFO  finalCall.onboardingFinalCalls - Customer Capture Page Completed
11:19:46.493 [main] INFO  finalCall.onboardingFinalCalls - Product Selected
11:20:15.055 [main] INFO  finalCall.onboardingFinalCalls - Product configuration done
11:20:23.366 [main] INFO  finalCall.onboardingFinalCalls - Product User details done
11:20:26.938 [main] INFO  finalCall.onboardingFinalCalls - SummaryPage details Done
11:20:31.168 [main] INFO  finalCall.onboardingFinalCalls - Payment Done
11:20:45.564 [main] INFO  finalCall.onboardingFinalCalls - Onboarding Completed
11:20:45.564 [main] INFO  finalCall.onboardingFinalCalls - Onboarded Customer ID C3408795
10:18:36.423 [main] INFO  finalCall.onboardingFinalCalls - driver initialized
10:18:56.399 [main] INFO  Academy.DashboardPage - certification byPassed
10:28:28.241 [main] INFO  Academy.DashboardPage - certification byPassed
10:28:28.403 [main] INFO  Academy.DashboardPage - username sent
10:28:28.549 [main] INFO  Academy.DashboardPage - password sent
10:30:05.847 [main] INFO  Academy.DashboardPage - certification byPassed
10:30:06.058 [main] INFO  Academy.DashboardPage - username sent
10:30:06.186 [main] INFO  Academy.DashboardPage - password sent
10:33:58.134 [main] INFO  Academy.DashboardPage - certification byPassed
10:33:58.346 [main] INFO  Academy.DashboardPage - username sent
10:33:58.523 [main] INFO  Academy.DashboardPage - password sent
10:37:47.432 [main] INFO  Academy.DashboardPage - certification byPassed
10:37:47.611 [main] INFO  Academy.DashboardPage - username sent
10:37:47.806 [main] INFO  Academy.DashboardPage - password sent
10:41:00.506 [main] INFO  Academy.DashboardPage - certification byPassed
10:41:00.669 [main] INFO  Academy.DashboardPage - username sent
10:41:00.785 [main] INFO  Academy.DashboardPage - password sent
10:45:07.365 [main] INFO  Academy.DashboardPage - certification byPassed
10:45:07.527 [main] INFO  Academy.DashboardPage - username sent
10:45:07.665 [main] INFO  Academy.DashboardPage - password sent
10:50:23.771 [main] INFO  Academy.DashboardPage - certification byPassed
10:50:23.938 [main] INFO  Academy.DashboardPage - username sent
10:50:24.050 [main] INFO  Academy.DashboardPage - password sent
12:02:46.382 [main] INFO  Academy.DashboardPage - certification byPassed
12:02:46.560 [main] INFO  Academy.DashboardPage - username sent
12:02:46.666 [main] INFO  Academy.DashboardPage - password sent
12:06:45.473 [main] INFO  Academy.DashboardPage - certification byPassed
12:06:45.679 [main] INFO  Academy.DashboardPage - username sent
12:06:45.848 [main] INFO  Academy.DashboardPage - password sent
12:47:01.533 [main] INFO  Academy.DashboardPage - certification byPassed
12:47:01.711 [main] INFO  Academy.DashboardPage - username sent
12:47:01.840 [main] INFO  Academy.DashboardPage - password sent
12:48:20.115 [main] INFO  Academy.DashboardPage - certification byPassed
12:48:20.307 [main] INFO  Academy.DashboardPage - username sent
12:48:20.444 [main] INFO  Academy.DashboardPage - password sent
12:53:12.867 [main] INFO  Academy.DashboardPage - certification byPassed
12:53:13.025 [main] INFO  Academy.DashboardPage - username sent
12:53:13.141 [main] INFO  Academy.DashboardPage - password sent
12:54:13.321 [main] INFO  Academy.DashboardPage - certification byPassed
12:54:13.542 [main] INFO  Academy.DashboardPage - username sent
12:54:13.725 [main] INFO  Academy.DashboardPage - password sent
12:55:31.367 [main] INFO  Academy.DashboardPage - certification byPassed
12:55:31.544 [main] INFO  Academy.DashboardPage - username sent
12:55:31.652 [main] INFO  Academy.DashboardPage - password sent
12:56:34.248 [main] INFO  Academy.DashboardPage - certification byPassed
12:56:34.454 [main] INFO  Academy.DashboardPage - username sent
12:56:34.664 [main] INFO  Academy.DashboardPage - password sent
12:57:33.617 [main] INFO  Academy.DashboardPage - certification byPassed
12:57:33.802 [main] INFO  Academy.DashboardPage - username sent
12:57:33.941 [main] INFO  Academy.DashboardPage - password sent
13:02:47.618 [main] INFO  Academy.DashboardPage - certification byPassed
13:02:47.828 [main] INFO  Academy.DashboardPage - username sent
13:02:47.966 [main] INFO  Academy.DashboardPage - password sent
13:03:55.037 [main] INFO  Academy.DashboardPage - certification byPassed
13:03:55.218 [main] INFO  Academy.DashboardPage - username sent
13:03:55.338 [main] INFO  Academy.DashboardPage - password sent
