10:59:46.749 [main] INFO  Academy.DashboardPage - username sent
10:59:46.871 [main] INFO  Academy.DashboardPage - password sent
11:09:18.879 [main] INFO  Academy.DashboardPage - certification byPassed
11:09:19.041 [main] INFO  Academy.DashboardPage - username sent
11:09:19.164 [main] INFO  Academy.DashboardPage - password sent
11:14:52.637 [main] INFO  Academy.DashboardPage - certification byPassed
11:14:52.835 [main] INFO  Academy.DashboardPage - username sent
11:14:52.988 [main] INFO  Academy.DashboardPage - password sent
11:22:34.727 [main] INFO  Academy.DashboardPage - certification byPassed
11:22:34.931 [main] INFO  Academy.DashboardPage - username sent
11:22:35.100 [main] INFO  Academy.DashboardPage - password sent
11:25:23.184 [main] INFO  Academy.DashboardPage - certification byPassed
11:25:23.347 [main] INFO  Academy.DashboardPage - username sent
11:25:23.472 [main] INFO  Academy.DashboardPage - password sent
11:31:10.935 [main] INFO  Academy.DashboardPage - certification byPassed
11:31:11.106 [main] INFO  Academy.DashboardPage - username sent
11:31:11.244 [main] INFO  Academy.DashboardPage - password sent
11:31:57.445 [main] INFO  Academy.DashboardPage - certification byPassed
11:31:57.613 [main] INFO  Academy.DashboardPage - username sent
11:31:57.801 [main] INFO  Academy.DashboardPage - password sent
11:37:53.948 [main] INFO  Academy.DashboardPage - certification byPassed
11:37:54.209 [main] INFO  Academy.DashboardPage - username sent
11:37:54.425 [main] INFO  Academy.DashboardPage - password sent
12:23:00.610 [main] INFO  Academy.DashboardPage - certification byPassed
12:23:00.762 [main] INFO  Academy.DashboardPage - username sent
12:23:00.905 [main] INFO  Academy.DashboardPage - password sent
12:25:03.765 [main] INFO  Academy.DashboardPage - certification byPassed
12:25:03.959 [main] INFO  Academy.DashboardPage - username sent
12:25:04.100 [main] INFO  Academy.DashboardPage - password sent
12:26:00.524 [main] INFO  Academy.DashboardPage - certification byPassed
12:26:00.812 [main] INFO  Academy.DashboardPage - username sent
12:26:01.039 [main] INFO  Academy.DashboardPage - password sent
12:27:39.834 [main] INFO  Academy.DashboardPage - certification byPassed
12:27:40.003 [main] INFO  Academy.DashboardPage - username sent
12:27:40.108 [main] INFO  Academy.DashboardPage - password sent
12:30:12.721 [main] INFO  Academy.DashboardPage - certification byPassed
12:30:12.904 [main] INFO  Academy.DashboardPage - username sent
12:30:13.049 [main] INFO  Academy.DashboardPage - password sent
12:34:07.362 [main] INFO  Academy.DashboardPage - certification byPassed
12:34:07.541 [main] INFO  Academy.DashboardPage - username sent
12:34:07.662 [main] INFO  Academy.DashboardPage - password sent
12:35:22.287 [main] INFO  Academy.DashboardPage - certification byPassed
12:35:22.566 [main] INFO  Academy.DashboardPage - username sent
12:35:22.771 [main] INFO  Academy.DashboardPage - password sent
12:37:50.944 [main] INFO  Academy.DashboardPage - certification byPassed
12:37:51.149 [main] INFO  Academy.DashboardPage - username sent
12:37:51.343 [main] INFO  Academy.DashboardPage - password sent
12:39:21.276 [main] INFO  Academy.DashboardPage - certification byPassed
12:39:21.513 [main] INFO  Academy.DashboardPage - username sent
12:39:21.676 [main] INFO  Academy.DashboardPage - password sent
13:36:17.413 [main] INFO  finalCall.onboardingFinalCalls - driver initialized
13:36:25.371 [main] INFO  Academy.DashboardPage - certification byPassed
13:36:25.536 [main] INFO  Academy.DashboardPage - username sent
13:36:25.664 [main] INFO  Academy.DashboardPage - password sent
13:36:28.391 [main] INFO  finalCall.onboardingFinalCalls - login successfull
13:36:30.091 [main] INFO  Academy.DashboardPage - DocumentType selected
13:36:44.216 [main] INFO  finalCall.onboardingFinalCalls - login successfull
14:55:42.438 [main] INFO  finalCall.onboardingFinalCalls - driver initialized
14:55:55.827 [main] INFO  Academy.DashboardPage - certification byPassed
14:55:56.100 [main] INFO  Academy.DashboardPage - username sent
14:55:56.260 [main] INFO  Academy.DashboardPage - password sent
15:02:08.388 [main] INFO  Academy.DashboardPage - certification byPassed
15:02:08.621 [main] INFO  Academy.DashboardPage - username sent
15:02:08.776 [main] INFO  Academy.DashboardPage - password sent
15:03:11.632 [main] INFO  finalCall.onboardingFinalCalls - driver initialized
15:03:23.012 [main] INFO  Academy.DashboardPage - certification byPassed
15:03:23.241 [main] INFO  Academy.DashboardPage - username sent
15:03:23.493 [main] INFO  Academy.DashboardPage - password sent
15:06:07.639 [main] INFO  finalCall.onboardingFinalCalls - driver initialized
15:07:15.099 [main] INFO  finalCall.onboardingFinalCalls - driver initialized
15:08:12.625 [main] INFO  finalCall.onboardingFinalCalls - driver initialized
15:08:24.098 [main] INFO  Academy.DashboardPage - certification byPassed
15:08:24.228 [main] INFO  Academy.DashboardPage - username sent
