16:12:29.911 [main] INFO  Academy.DashboardPage - username sent
16:12:30.065 [main] INFO  Academy.DashboardPage - password sent
16:14:05.817 [main] INFO  finalCall.onboardingFinalCalls - driver initialized
16:14:17.597 [main] INFO  Academy.DashboardPage - certification byPassed
16:14:17.786 [main] INFO  Academy.DashboardPage - username sent
16:14:17.906 [main] INFO  Academy.DashboardPage - password sent
16:14:23.792 [main] INFO  finalCall.onboardingFinalCalls - login successfull
16:14:24.572 [main] INFO  Academy.DashboardPage - DocumentType selected
16:14:38.124 [main] INFO  finalCall.onboardingFinalCalls - login successfull
16:15:12.532 [main] INFO  finalCall.onboardingFinalCalls - driver initialized
16:15:23.874 [main] INFO  Academy.DashboardPage - certification byPassed
16:15:24.082 [main] INFO  Academy.DashboardPage - username sent
16:15:24.268 [main] INFO  Academy.DashboardPage - password sent
16:15:29.926 [main] INFO  finalCall.onboardingFinalCalls - login successfull
16:15:31.572 [main] INFO  Academy.DashboardPage - DocumentType selected
16:15:58.308 [main] INFO  finalCall.onboardingFinalCalls - driver initialized
16:16:09.695 [main] INFO  Academy.DashboardPage - certification byPassed
16:16:09.954 [main] INFO  Academy.DashboardPage - username sent
16:16:10.139 [main] INFO  Academy.DashboardPage - password sent
16:16:14.175 [main] INFO  finalCall.onboardingFinalCalls - login successfull
16:16:22.431 [main] INFO  Academy.DashboardPage - DocumentType selected
16:16:34.582 [main] INFO  finalCall.onboardingFinalCalls - login successfull
16:17:21.164 [main] INFO  finalCall.onboardingFinalCalls - Customer Capture Page Completed
16:17:30.851 [main] INFO  finalCall.onboardingFinalCalls - Product Selected
16:17:51.327 [main] INFO  finalCall.onboardingFinalCalls - Product configuration done
16:17:54.754 [main] INFO  finalCall.onboardingFinalCalls - Product User details done
16:17:58.385 [main] INFO  finalCall.onboardingFinalCalls - SummaryPage details Done
16:18:02.056 [main] INFO  finalCall.onboardingFinalCalls - Payment Done
16:18:15.503 [main] INFO  finalCall.onboardingFinalCalls - Onboarding Completed
16:18:15.503 [main] INFO  finalCall.onboardingFinalCalls - Onboarded Customer ID C3430313
16:18:29.617 [main] INFO  Academy.DashboardPage - certification byPassed
16:18:29.818 [main] INFO  Academy.DashboardPage - username sent
16:18:30.069 [main] INFO  Academy.DashboardPage - password sent
16:33:24.145 [main] INFO  finalCall.onboardingFinalCalls - driver initialized
16:33:35.781 [main] INFO  Academy.DashboardPage - certification byPassed
16:33:35.992 [main] INFO  Academy.DashboardPage - username sent
16:33:36.199 [main] INFO  Academy.DashboardPage - password sent
16:33:39.316 [main] INFO  finalCall.onboardingFinalCalls - login successfull
16:33:48.985 [main] INFO  Academy.DashboardPage - DocumentType selected
16:34:01.424 [main] INFO  finalCall.onboardingFinalCalls - login successfull
16:34:48.333 [main] INFO  finalCall.onboardingFinalCalls - Customer Capture Page Completed
16:34:58.168 [main] INFO  finalCall.onboardingFinalCalls - Product Selected
16:35:19.588 [main] INFO  finalCall.onboardingFinalCalls - Product configuration done
16:35:22.550 [main] INFO  finalCall.onboardingFinalCalls - Product User details done
16:35:26.008 [main] INFO  finalCall.onboardingFinalCalls - SummaryPage details Done
16:35:29.432 [main] INFO  finalCall.onboardingFinalCalls - Payment Done
16:35:43.005 [main] INFO  finalCall.onboardingFinalCalls - Onboarding Completed
16:35:43.005 [main] INFO  finalCall.onboardingFinalCalls - Onboarded Customer ID C3430315
16:35:59.416 [main] INFO  finalCall.onboardingFinalCalls - driver initialized
16:36:11.179 [main] INFO  Academy.DashboardPage - certification byPassed
16:36:11.444 [main] INFO  Academy.DashboardPage - username sent
16:36:11.751 [main] INFO  Academy.DashboardPage - password sent
16:36:17.009 [main] INFO  finalCall.onboardingFinalCalls - login successfull
16:36:18.137 [main] INFO  Academy.DashboardPage - DocumentType selected
16:45:29.829 [main] INFO  finalCall.onboardingFinalCalls - driver initialized
16:45:41.391 [main] INFO  Academy.DashboardPage - certification byPassed
16:45:41.572 [main] INFO  Academy.DashboardPage - username sent
16:45:41.738 [main] INFO  Academy.DashboardPage - password sent
16:47:37.284 [main] INFO  finalCall.onboardingFinalCalls - driver initialized
16:47:48.655 [main] INFO  Academy.DashboardPage - certification byPassed
16:47:48.901 [main] INFO  Academy.DashboardPage - username sent
16:47:49.086 [main] INFO  Academy.DashboardPage - password sent
16:55:59.652 [main] INFO  finalCall.onboardingFinalCalls - driver initialized
16:56:08.145 [main] INFO  Academy.DashboardPage - certification byPassed
16:56:08.314 [main] INFO  Academy.DashboardPage - username sent
16:56:08.454 [main] INFO  Academy.DashboardPage - password sent
17:04:00.169 [main] INFO  finalCall.onboardingFinalCalls - driver initialized
