18:04:46.241 [main] INFO  Academy.DashboardPage - password sent
18:04:49.781 [main] INFO  finalCall.onboardingFinalCalls - login successfull
18:05:05.695 [main] INFO  finalCall.onboardingFinalCalls - login successfull
18:05:54.019 [main] INFO  finalCall.onboardingFinalCalls - Customer Capture Page Completed
18:06:06.267 [main] INFO  finalCall.onboardingFinalCalls - Product Selected
18:19:37.522 [main] INFO  finalCall.onboardingFinalCalls - driver initialized
18:19:44.082 [main] INFO  Academy.DashboardPage - certification byPassed
18:19:44.256 [main] INFO  Academy.DashboardPage - username sent
18:19:44.389 [main] INFO  Academy.DashboardPage - password sent
18:19:47.124 [main] INFO  finalCall.onboardingFinalCalls - login successfull
18:20:00.911 [main] INFO  finalCall.onboardingFinalCalls - login successfull
18:20:53.599 [main] INFO  finalCall.onboardingFinalCalls - Customer Capture Page Completed
18:21:05.830 [main] INFO  finalCall.onboardingFinalCalls - Product Selected
18:21:49.620 [main] INFO  finalCall.onboardingFinalCalls - driver initialized
18:21:56.312 [main] INFO  Academy.DashboardPage - certification byPassed
18:21:56.485 [main] INFO  Academy.DashboardPage - username sent
18:21:56.730 [main] INFO  Academy.DashboardPage - password sent
18:22:01.425 [main] INFO  finalCall.onboardingFinalCalls - login successfull
18:22:17.121 [main] INFO  finalCall.onboardingFinalCalls - login successfull
18:23:08.984 [main] INFO  finalCall.onboardingFinalCalls - Customer Capture Page Completed
18:23:18.512 [main] INFO  finalCall.onboardingFinalCalls - Product Selected
18:30:05.456 [main] INFO  finalCall.onboardingFinalCalls - driver initialized
18:30:11.529 [main] INFO  Academy.DashboardPage - certification byPassed
18:30:11.763 [main] INFO  Academy.DashboardPage - username sent
18:30:11.916 [main] INFO  Academy.DashboardPage - password sent
18:30:15.186 [main] INFO  finalCall.onboardingFinalCalls - login successfull
18:30:30.688 [main] INFO  finalCall.onboardingFinalCalls - login successfull
18:31:18.351 [main] INFO  finalCall.onboardingFinalCalls - Customer Capture Page Completed
18:32:00.934 [main] INFO  finalCall.onboardingFinalCalls - driver initialized
18:32:04.190 [main] INFO  Academy.DashboardPage - certification byPassed
18:32:08.375 [main] INFO  Academy.DashboardPage - username sent
18:32:08.536 [main] INFO  Academy.DashboardPage - password sent
18:32:11.667 [main] INFO  finalCall.onboardingFinalCalls - login successfull
18:32:26.616 [main] INFO  finalCall.onboardingFinalCalls - login successfull
18:33:08.004 [main] INFO  finalCall.onboardingFinalCalls - driver initialized
18:33:14.518 [main] INFO  Academy.DashboardPage - certification byPassed
18:33:14.717 [main] INFO  Academy.DashboardPage - username sent
18:33:14.851 [main] INFO  Academy.DashboardPage - password sent
18:33:18.684 [main] INFO  finalCall.onboardingFinalCalls - login successfull
18:33:33.415 [main] INFO  finalCall.onboardingFinalCalls - login successfull
18:34:42.435 [main] INFO  finalCall.onboardingFinalCalls - Customer Capture Page Completed
18:34:52.446 [main] INFO  finalCall.onboardingFinalCalls - Product Selected
18:37:40.576 [main] INFO  finalCall.onboardingFinalCalls - driver initialized
18:37:46.575 [main] INFO  Academy.DashboardPage - certification byPassed
18:37:46.819 [main] INFO  Academy.DashboardPage - username sent
18:37:47.000 [main] INFO  Academy.DashboardPage - password sent
18:37:50.973 [main] INFO  finalCall.onboardingFinalCalls - login successfull
18:38:06.973 [main] INFO  finalCall.onboardingFinalCalls - login successfull
18:38:50.238 [main] INFO  finalCall.onboardingFinalCalls - Customer Capture Page Completed
18:38:58.935 [main] INFO  finalCall.onboardingFinalCalls - Product Selected
18:43:44.463 [main] INFO  finalCall.onboardingFinalCalls - driver initialized
18:43:50.796 [main] INFO  Academy.DashboardPage - certification byPassed
18:43:51.024 [main] INFO  Academy.DashboardPage - username sent
18:43:51.179 [main] INFO  Academy.DashboardPage - password sent
18:43:53.985 [main] INFO  finalCall.onboardingFinalCalls - login successfull
18:44:09.909 [main] INFO  finalCall.onboardingFinalCalls - login successfull
18:44:53.877 [main] INFO  finalCall.onboardingFinalCalls - Customer Capture Page Completed
18:45:03.442 [main] INFO  finalCall.onboardingFinalCalls - Product Selected
18:46:11.534 [main] INFO  finalCall.onboardingFinalCalls - driver initialized
18:46:17.557 [main] INFO  Academy.DashboardPage - certification byPassed
18:46:17.776 [main] INFO  Academy.DashboardPage - username sent
18:46:17.942 [main] INFO  Academy.DashboardPage - password sent
18:46:20.795 [main] INFO  finalCall.onboardingFinalCalls - login successfull
18:46:37.806 [main] INFO  finalCall.onboardingFinalCalls - login successfull
18:47:21.864 [main] INFO  finalCall.onboardingFinalCalls - Customer Capture Page Completed
18:47:32.313 [main] INFO  finalCall.onboardingFinalCalls - Product Selected
