17:12:19.457 [main] INFO  Academy.DashboardPage - password sent
17:12:22.190 [main] INFO  finalCall.onboardingFinalCalls - login successfull
17:12:24.171 [main] INFO  Academy.DashboardPage - DocumentType selected
17:12:37.301 [main] INFO  finalCall.onboardingFinalCalls - login successfull
17:13:23.058 [main] INFO  finalCall.onboardingFinalCalls - Customer Capture Page Completed
17:13:32.955 [main] INFO  finalCall.onboardingFinalCalls - Product Selected
17:13:47.605 [main] INFO  finalCall.onboardingFinalCalls - Product configuration done
17:13:50.652 [main] INFO  finalCall.onboardingFinalCalls - Product User details done
17:15:52.263 [main] INFO  finalCall.onboardingFinalCalls - driver initialized
17:15:58.642 [main] INFO  Academy.DashboardPage - certification byPassed
17:15:58.856 [main] INFO  Academy.DashboardPage - username sent
17:15:58.983 [main] INFO  Academy.DashboardPage - password sent
17:16:02.186 [main] INFO  finalCall.onboardingFinalCalls - login successfull
17:16:04.072 [main] INFO  Academy.DashboardPage - DocumentType selected
17:16:16.906 [main] INFO  finalCall.onboardingFinalCalls - login successfull
17:17:02.072 [main] INFO  finalCall.onboardingFinalCalls - Customer Capture Page Completed
17:17:11.915 [main] INFO  finalCall.onboardingFinalCalls - Product Selected
17:17:26.531 [main] INFO  finalCall.onboardingFinalCalls - Product configuration done
17:17:29.594 [main] INFO  finalCall.onboardingFinalCalls - Product User details done
17:18:35.782 [main] INFO  finalCall.onboardingFinalCalls - driver initialized
17:18:41.706 [main] INFO  Academy.DashboardPage - certification byPassed
17:18:41.873 [main] INFO  Academy.DashboardPage - username sent
17:18:41.990 [main] INFO  Academy.DashboardPage - password sent
17:18:44.797 [main] INFO  finalCall.onboardingFinalCalls - login successfull
17:18:46.772 [main] INFO  Academy.DashboardPage - DocumentType selected
17:19:00.197 [main] INFO  finalCall.onboardingFinalCalls - login successfull
17:20:53.208 [main] INFO  finalCall.onboardingFinalCalls - Customer Capture Page Completed
17:21:02.508 [main] INFO  finalCall.onboardingFinalCalls - Product Selected
17:21:16.522 [main] INFO  finalCall.onboardingFinalCalls - Product configuration done
17:21:19.449 [main] INFO  finalCall.onboardingFinalCalls - Product User details done
17:26:53.940 [main] INFO  finalCall.onboardingFinalCalls - driver initialized
17:27:00.396 [main] INFO  Academy.DashboardPage - certification byPassed
17:27:00.569 [main] INFO  Academy.DashboardPage - username sent
17:27:00.799 [main] INFO  Academy.DashboardPage - password sent
17:27:04.598 [main] INFO  finalCall.onboardingFinalCalls - login successfull
17:27:06.276 [main] INFO  Academy.DashboardPage - DocumentType selected
17:27:18.712 [main] INFO  finalCall.onboardingFinalCalls - login successfull
17:28:06.534 [main] INFO  finalCall.onboardingFinalCalls - Customer Capture Page Completed
17:28:15.579 [main] INFO  finalCall.onboardingFinalCalls - Product Selected
17:28:29.926 [main] INFO  finalCall.onboardingFinalCalls - Product configuration done
17:28:32.853 [main] INFO  finalCall.onboardingFinalCalls - Product User details done
17:32:29.818 [main] INFO  finalCall.onboardingFinalCalls - driver initialized
17:32:36.131 [main] INFO  Academy.DashboardPage - certification byPassed
17:32:36.297 [main] INFO  Academy.DashboardPage - username sent
17:32:36.432 [main] INFO  Academy.DashboardPage - password sent
17:32:39.150 [main] INFO  finalCall.onboardingFinalCalls - login successfull
17:32:41.130 [main] INFO  Academy.DashboardPage - DocumentType selected
17:32:53.071 [main] INFO  finalCall.onboardingFinalCalls - login successfull
17:33:28.287 [main] INFO  finalCall.onboardingFinalCalls - driver initialized
17:33:34.406 [main] INFO  Academy.DashboardPage - certification byPassed
17:33:34.578 [main] INFO  Academy.DashboardPage - username sent
17:33:34.710 [main] INFO  Academy.DashboardPage - password sent
17:33:38.862 [main] INFO  finalCall.onboardingFinalCalls - login successfull
17:33:40.108 [main] INFO  Academy.DashboardPage - DocumentType selected
17:33:52.331 [main] INFO  finalCall.onboardingFinalCalls - login successfull
17:34:41.331 [main] INFO  finalCall.onboardingFinalCalls - Customer Capture Page Completed
17:34:53.210 [main] INFO  finalCall.onboardingFinalCalls - Product Selected
17:35:08.405 [main] INFO  finalCall.onboardingFinalCalls - Product configuration done
17:35:11.466 [main] INFO  finalCall.onboardingFinalCalls - Product User details done
18:06:26.283 [main] INFO  finalCall.onboardingFinalCalls - driver initialized
18:06:32.010 [main] INFO  Academy.DashboardPage - certification byPassed
18:06:42.662 [main] INFO  Academy.DashboardPage - username sent
18:06:42.820 [main] INFO  Academy.DashboardPage - password sent
18:06:46.639 [main] INFO  finalCall.onboardingFinalCalls - login successfull
18:06:48.361 [main] INFO  Academy.DashboardPage - DocumentType selected
18:08:01.265 [main] INFO  finalCall.onboardingFinalCalls - driver initialized
