17:22:01.730 [main] INFO  Academy.DashboardPage - certification byPassed
17:22:01.965 [main] INFO  Academy.DashboardPage - username sent
17:22:02.101 [main] INFO  Academy.DashboardPage - password sent
17:22:04.529 [main] INFO  finalCall.onboardingFinalCalls - login successfull
17:22:19.326 [main] INFO  finalCall.onboardingFinalCalls - login successfull
17:23:04.941 [main] INFO  finalCall.onboardingFinalCalls - Customer Capture Page Completed
17:23:14.291 [main] INFO  finalCall.onboardingFinalCalls - Product Selected
17:26:04.411 [main] INFO  finalCall.onboardingFinalCalls - driver initialized
17:26:10.733 [main] INFO  Academy.DashboardPage - certification byPassed
17:26:10.961 [main] INFO  Academy.DashboardPage - username sent
17:26:11.112 [main] INFO  Academy.DashboardPage - password sent
17:26:13.653 [main] INFO  finalCall.onboardingFinalCalls - login successfull
17:26:29.007 [main] INFO  finalCall.onboardingFinalCalls - login successfull
17:27:15.106 [main] INFO  finalCall.onboardingFinalCalls - Customer Capture Page Completed
17:27:23.875 [main] INFO  finalCall.onboardingFinalCalls - Product Selected
17:28:18.270 [main] INFO  finalCall.onboardingFinalCalls - driver initialized
17:28:24.223 [main] INFO  Academy.DashboardPage - certification byPassed
17:28:24.387 [main] INFO  Academy.DashboardPage - username sent
17:28:24.499 [main] INFO  Academy.DashboardPage - password sent
17:28:27.530 [main] INFO  finalCall.onboardingFinalCalls - login successfull
17:28:40.471 [main] INFO  finalCall.onboardingFinalCalls - login successfull
17:29:27.553 [main] INFO  finalCall.onboardingFinalCalls - Customer Capture Page Completed
17:29:37.739 [main] INFO  finalCall.onboardingFinalCalls - Product Selected
17:30:20.782 [main] INFO  finalCall.onboardingFinalCalls - driver initialized
17:30:25.330 [main] INFO  Academy.DashboardPage - certification byPassed
17:30:28.769 [main] INFO  Academy.DashboardPage - username sent
17:30:28.888 [main] INFO  Academy.DashboardPage - password sent
17:30:32.047 [main] INFO  finalCall.onboardingFinalCalls - login successfull
17:30:45.748 [main] INFO  finalCall.onboardingFinalCalls - login successfull
17:31:31.759 [main] INFO  finalCall.onboardingFinalCalls - Customer Capture Page Completed
17:31:40.964 [main] INFO  finalCall.onboardingFinalCalls - Product Selected
17:48:04.876 [main] INFO  finalCall.onboardingFinalCalls - driver initialized
17:48:13.691 [main] INFO  Academy.DashboardPage - certification byPassed
17:48:13.904 [main] INFO  Academy.DashboardPage - username sent
17:48:14.051 [main] INFO  Academy.DashboardPage - password sent
17:48:16.844 [main] INFO  finalCall.onboardingFinalCalls - login successfull
17:48:30.360 [main] INFO  finalCall.onboardingFinalCalls - login successfull
17:49:17.689 [main] INFO  finalCall.onboardingFinalCalls - Customer Capture Page Completed
17:49:26.853 [main] INFO  finalCall.onboardingFinalCalls - Product Selected
17:50:16.664 [main] INFO  finalCall.onboardingFinalCalls - driver initialized
17:50:22.837 [main] INFO  Academy.DashboardPage - certification byPassed
17:50:23.016 [main] INFO  Academy.DashboardPage - username sent
17:50:23.171 [main] INFO  Academy.DashboardPage - password sent
17:50:26.351 [main] INFO  finalCall.onboardingFinalCalls - login successfull
17:50:41.830 [main] INFO  finalCall.onboardingFinalCalls - login successfull
17:51:25.949 [main] INFO  finalCall.onboardingFinalCalls - Customer Capture Page Completed
17:51:37.068 [main] INFO  finalCall.onboardingFinalCalls - Product Selected
17:53:16.854 [main] INFO  finalCall.onboardingFinalCalls - driver initialized
17:53:22.938 [main] INFO  Academy.DashboardPage - certification byPassed
17:53:23.098 [main] INFO  Academy.DashboardPage - username sent
17:53:23.214 [main] INFO  Academy.DashboardPage - password sent
17:53:25.552 [main] INFO  finalCall.onboardingFinalCalls - login successfull
17:53:39.008 [main] INFO  finalCall.onboardingFinalCalls - login successfull
17:54:24.770 [main] INFO  finalCall.onboardingFinalCalls - Customer Capture Page Completed
17:54:33.295 [main] INFO  finalCall.onboardingFinalCalls - Product Selected
17:56:38.583 [main] INFO  finalCall.onboardingFinalCalls - driver initialized
17:56:44.590 [main] INFO  Academy.DashboardPage - certification byPassed
17:56:44.809 [main] INFO  Academy.DashboardPage - username sent
17:56:44.966 [main] INFO  Academy.DashboardPage - password sent
17:56:48.129 [main] INFO  finalCall.onboardingFinalCalls - login successfull
17:57:02.391 [main] INFO  finalCall.onboardingFinalCalls - login successfull
17:57:48.144 [main] INFO  finalCall.onboardingFinalCalls - Customer Capture Page Completed
17:57:59.127 [main] INFO  finalCall.onboardingFinalCalls - Product Selected
18:04:39.696 [main] INFO  finalCall.onboardingFinalCalls - driver initialized
18:04:45.852 [main] INFO  Academy.DashboardPage - certification byPassed
18:04:46.086 [main] INFO  Academy.DashboardPage - username sent
