11:59:02.300 [main] INFO  Academy.DashboardPage - certification byPassed
11:59:02.460 [main] INFO  Academy.DashboardPage - username sent
11:59:02.577 [main] INFO  Academy.DashboardPage - password sent
11:59:05.678 [main] INFO  finalCall.onboardingFinalCalls - login successfull
11:59:14.241 [main] INFO  Academy.DashboardPage - DocumentType selected
11:59:27.960 [main] INFO  finalCall.onboardingFinalCalls - login successfull
12:00:03.735 [main] INFO  finalCall.onboardingFinalCalls - driver initialized
12:00:15.487 [main] INFO  Academy.DashboardPage - certification byPassed
12:00:15.826 [main] INFO  Academy.DashboardPage - username sent
12:00:16.285 [main] INFO  Academy.DashboardPage - password sent
12:00:19.722 [main] INFO  finalCall.onboardingFinalCalls - login successfull
12:00:23.933 [main] INFO  Academy.DashboardPage - DocumentType selected
12:00:38.482 [main] INFO  finalCall.onboardingFinalCalls - login successfull
12:01:25.859 [main] INFO  finalCall.onboardingFinalCalls - Customer Capture Page Completed
12:01:35.459 [main] INFO  finalCall.onboardingFinalCalls - Product Selected
12:01:57.535 [main] INFO  finalCall.onboardingFinalCalls - Product configuration done
12:02:00.714 [main] INFO  finalCall.onboardingFinalCalls - Product User details done
12:02:04.420 [main] INFO  finalCall.onboardingFinalCalls - SummaryPage details Done
12:02:08.481 [main] INFO  finalCall.onboardingFinalCalls - Payment Done
12:02:21.009 [main] INFO  finalCall.onboardingFinalCalls - Onboarding Completed
12:02:21.009 [main] INFO  finalCall.onboardingFinalCalls - Onboarded Customer ID C3457147
12:14:53.575 [main] INFO  finalCall.onboardingFinalCalls - driver initialized
12:15:05.175 [main] INFO  Academy.DashboardPage - certification byPassed
12:15:05.401 [main] INFO  Academy.DashboardPage - username sent
12:15:05.550 [main] INFO  Academy.DashboardPage - password sent
12:15:08.581 [main] INFO  finalCall.onboardingFinalCalls - login successfull
12:15:16.906 [main] INFO  Academy.DashboardPage - DocumentType selected
12:15:29.846 [main] INFO  finalCall.onboardingFinalCalls - login successfull
12:16:30.737 [main] INFO  finalCall.onboardingFinalCalls - Customer Capture Page Completed
12:16:43.068 [main] INFO  finalCall.onboardingFinalCalls - Product Selected
12:17:04.051 [main] INFO  finalCall.onboardingFinalCalls - Product configuration done
12:17:07.204 [main] INFO  finalCall.onboardingFinalCalls - Product User details done
12:17:11.201 [main] INFO  finalCall.onboardingFinalCalls - SummaryPage details Done
12:17:15.056 [main] INFO  finalCall.onboardingFinalCalls - Payment Done
12:17:28.234 [main] INFO  finalCall.onboardingFinalCalls - Onboarding Completed
12:17:28.235 [main] INFO  finalCall.onboardingFinalCalls - Onboarded Customer ID C3457148
13:33:12.954 [main] INFO  Academy.DashboardPage - certification byPassed
13:33:13.195 [main] INFO  Academy.DashboardPage - username sent
13:33:13.324 [main] INFO  Academy.DashboardPage - password sent
13:36:03.948 [main] INFO  Academy.DashboardPage - certification byPassed
13:36:04.137 [main] INFO  Academy.DashboardPage - username sent
13:36:04.286 [main] INFO  Academy.DashboardPage - password sent
13:40:09.676 [main] INFO  Academy.DashboardPage - certification byPassed
13:40:09.870 [main] INFO  Academy.DashboardPage - username sent
13:40:10.012 [main] INFO  Academy.DashboardPage - password sent
15:02:57.588 [main] INFO  Academy.DashboardPage - certification byPassed
15:02:57.761 [main] INFO  Academy.DashboardPage - username sent
15:02:57.889 [main] INFO  Academy.DashboardPage - password sent
15:09:20.026 [main] INFO  Academy.DashboardPage - certification byPassed
15:09:20.225 [main] INFO  Academy.DashboardPage - username sent
15:09:20.358 [main] INFO  Academy.DashboardPage - password sent
15:10:20.241 [main] INFO  Academy.DashboardPage - certification byPassed
15:10:20.424 [main] INFO  Academy.DashboardPage - username sent
15:10:20.555 [main] INFO  Academy.DashboardPage - password sent
15:13:58.650 [main] INFO  Academy.DashboardPage - certification byPassed
15:13:58.790 [main] INFO  Academy.DashboardPage - username sent
15:13:58.902 [main] INFO  Academy.DashboardPage - password sent
15:15:09.438 [main] INFO  Academy.DashboardPage - certification byPassed
15:15:09.603 [main] INFO  Academy.DashboardPage - username sent
15:15:09.734 [main] INFO  Academy.DashboardPage - password sent
15:17:01.298 [main] INFO  Academy.DashboardPage - certification byPassed
15:17:01.490 [main] INFO  Academy.DashboardPage - username sent
15:17:01.649 [main] INFO  Academy.DashboardPage - password sent
15:22:55.166 [main] INFO  Academy.DashboardPage - certification byPassed
15:22:55.380 [main] INFO  Academy.DashboardPage - username sent
15:22:55.521 [main] INFO  Academy.DashboardPage - password sent
15:27:50.408 [main] INFO  Academy.DashboardPage - certification byPassed
15:27:50.589 [main] INFO  Academy.DashboardPage - username sent
15:27:50.728 [main] INFO  Academy.DashboardPage - password sent
