11:00:41.168 [main] INFO  finalCall.onboardingFinalCalls - SummaryPage details Done
11:27:56.227 [main] INFO  finalCall.onboardingFinalCalls - driver initialized
11:28:02.535 [main] INFO  Academy.DashboardPage - certification byPassed
11:28:02.744 [main] INFO  Academy.DashboardPage - username sent
11:28:02.875 [main] INFO  Academy.DashboardPage - password sent
11:28:05.507 [main] INFO  finalCall.onboardingFinalCalls - login successfull
11:28:08.287 [main] INFO  Academy.DashboardPage - DocumentType selected
11:28:26.961 [main] INFO  finalCall.onboardingFinalCalls - login successfull
11:30:58.680 [main] INFO  finalCall.onboardingFinalCalls - driver initialized
11:31:04.658 [main] INFO  Academy.DashboardPage - certification byPassed
11:31:04.859 [main] INFO  Academy.DashboardPage - username sent
11:31:04.977 [main] INFO  Academy.DashboardPage - password sent
11:31:07.570 [main] INFO  finalCall.onboardingFinalCalls - login successfull
11:31:09.950 [main] INFO  Academy.DashboardPage - DocumentType selected
11:31:22.831 [main] INFO  finalCall.onboardingFinalCalls - login successfull
11:33:20.038 [main] INFO  finalCall.onboardingFinalCalls - driver initialized
11:33:25.985 [main] INFO  Academy.DashboardPage - certification byPassed
11:33:26.148 [main] INFO  Academy.DashboardPage - username sent
11:33:26.276 [main] INFO  Academy.DashboardPage - password sent
11:33:29.144 [main] INFO  finalCall.onboardingFinalCalls - login successfull
11:33:30.788 [main] INFO  Academy.DashboardPage - DocumentType selected
11:33:44.026 [main] INFO  finalCall.onboardingFinalCalls - login successfull
11:34:31.939 [main] INFO  finalCall.onboardingFinalCalls - Customer Capture Page Completed
11:34:49.874 [main] INFO  finalCall.onboardingFinalCalls - Product Selected
11:35:09.641 [main] INFO  finalCall.onboardingFinalCalls - Product configuration done
11:35:13.774 [main] INFO  finalCall.onboardingFinalCalls - Product User details done
11:35:19.553 [main] INFO  finalCall.onboardingFinalCalls - SummaryPage details Done
11:35:25.938 [main] INFO  finalCall.onboardingFinalCalls - Payment Done
12:09:53.056 [main] INFO  finalCall.onboardingFinalCalls - driver initialized
12:09:56.657 [main] INFO  Academy.DashboardPage - certification byPassed
12:10:03.647 [main] INFO  Academy.DashboardPage - username sent
12:10:03.779 [main] INFO  Academy.DashboardPage - password sent
12:10:07.061 [main] INFO  finalCall.onboardingFinalCalls - login successfull
12:10:09.433 [main] INFO  Academy.DashboardPage - DocumentType selected
12:10:21.799 [main] INFO  finalCall.onboardingFinalCalls - login successfull
12:11:06.817 [main] INFO  finalCall.onboardingFinalCalls - Customer Capture Page Completed
12:11:19.550 [main] INFO  finalCall.onboardingFinalCalls - Product Selected
12:12:15.207 [main] INFO  finalCall.onboardingFinalCalls - driver initialized
12:12:21.592 [main] INFO  Academy.DashboardPage - certification byPassed
12:12:21.804 [main] INFO  Academy.DashboardPage - username sent
12:12:21.935 [main] INFO  Academy.DashboardPage - password sent
12:12:25.727 [main] INFO  finalCall.onboardingFinalCalls - login successfull
12:12:27.911 [main] INFO  Academy.DashboardPage - DocumentType selected
12:12:41.454 [main] INFO  finalCall.onboardingFinalCalls - login successfull
12:13:27.659 [main] INFO  finalCall.onboardingFinalCalls - Customer Capture Page Completed
12:13:39.808 [main] INFO  finalCall.onboardingFinalCalls - Product Selected
12:15:12.383 [main] INFO  finalCall.onboardingFinalCalls - driver initialized
12:15:18.605 [main] INFO  Academy.DashboardPage - certification byPassed
12:15:18.850 [main] INFO  Academy.DashboardPage - username sent
12:15:18.986 [main] INFO  Academy.DashboardPage - password sent
12:15:24.605 [main] INFO  finalCall.onboardingFinalCalls - login successfull
12:15:44.548 [main] INFO  finalCall.onboardingFinalCalls - driver initialized
12:15:50.452 [main] INFO  Academy.DashboardPage - certification byPassed
12:15:50.677 [main] INFO  Academy.DashboardPage - username sent
12:15:50.839 [main] INFO  Academy.DashboardPage - password sent
12:15:54.058 [main] INFO  finalCall.onboardingFinalCalls - login successfull
12:15:56.351 [main] INFO  Academy.DashboardPage - DocumentType selected
12:16:09.878 [main] INFO  finalCall.onboardingFinalCalls - login successfull
12:16:55.067 [main] INFO  finalCall.onboardingFinalCalls - Customer Capture Page Completed
12:17:05.551 [main] INFO  finalCall.onboardingFinalCalls - Product Selected
12:17:25.343 [main] INFO  finalCall.onboardingFinalCalls - Product configuration done
12:17:31.161 [main] INFO  finalCall.onboardingFinalCalls - Product User details done
12:17:39.028 [main] INFO  finalCall.onboardingFinalCalls - SummaryPage details Done
12:17:46.257 [main] INFO  finalCall.onboardingFinalCalls - Payment Done
12:25:03.106 [main] INFO  finalCall.onboardingFinalCalls - driver initialized
12:25:09.220 [main] INFO  Academy.DashboardPage - certification byPassed
